Arguments: 
  C:\Program Files\nodejs\node.exe C:\Program Files (x86)\Yarn\bin\yarn.js init

PATH: 
  C:\Users\Marie\.babun\cygwin\home\Marie\.local\bin;C:\Users\Marie\.babun\cygwin\usr\local\bin;C:\Users\Marie\.babun\cygwin\usr\local\bin;C:\Users\Marie\.babun\cygwin\bin;C:\Users\Marie\.babun\cygwin\home\Marie\.local\bin;C:\WINDOWS\system32;C:\WINDOWS;C:\WINDOWS\System32\Wbem;C:\WINDOWS\System32\WindowsPowerShell\v1.0;C:\WINDOWS\System32\OpenSSH;C:\Program Files\Microsoft VS Code\bin;C:\Program Files\nodejs;C:\Program Files (x86)\Yarn\bin;C:\Users\Marie\AppData\Local\Microsoft\WindowsApps;C:\Users\Marie\.babun;C:\Program Files\Microsoft VS Code\bin;C:\Users\Marie\AppData\Roaming\npm;C:\Users\Marie\AppData\Local\Yarn\bin

Yarn version: 
  1.9.4

Node version: 
  10.8.0

Platform: 
  win32 x64

Trace: 
  Error: Can't answer a question unless a user TTY
      at ConsoleReporter.question (C:\Program Files (x86)\Yarn\lib\cli.js:88073:59)
      at Object.<anonymous> (C:\Program Files (x86)\Yarn\lib\cli.js:80839:38)
      at Generator.next (<anonymous>)
      at step (C:\Program Files (x86)\Yarn\lib\cli.js:92:30)
      at C:\Program Files (x86)\Yarn\lib\cli.js:103:13
      at process._tickCallback (internal/process/next_tick.js:68:7)

npm manifest: 
  No manifest

yarn manifest: 
  No manifest

Lockfile: 
  No lockfile
